# JRE version: Java(TM) SE Runtime Environment (8.0_74-b02) (build 1.8.0_74-b02)
# Java VM: Java HotSpot(TM) 64-Bit Server VM (25.74-b02 mixed mode windows-amd64 compressed oops)
Heap:
 PSYoungGen      total 19456K, used 5746K [0x00000000d5580000, 0x00000000d7100000, 0x0000000100000000)
  eden space 15360K, 24% used [0x00000000d5580000,0x00000000d5924a68,0x00000000d6480000)
  from space 4096K, 49% used [0x00000000d6d00000,0x00000000d6ef8120,0x00000000d7100000)
  to   space 6144K, 0% used [0x00000000d6500000,0x00000000d6500000,0x00000000d6b00000)
 ParOldGen       total 12800K, used 12513K [0x0000000080000000, 0x0000000080c80000, 0x00000000d5580000)
  object space 12800K, 97% used [0x0000000080000000,0x0000000080c38470,0x0000000080c80000)
 Metaspace       used 7568K, capacity 8308K, committed 8448K, reserved 1056768K
  class space    used 908K, capacity 944K, committed 1024K, reserved 1048576K
GC Heap History (10 events):
Event: 0.877 GC heap before
{Heap before GC invocations=8 (full 0):
 PSYoungGen      total 7168K, used 7148K [0x00000000d5580000, 0x00000000d6480000, 0x0000000100000000)
  eden space 6144K, 100% used [0x00000000d5580000,0x00000000d5b80000,0x00000000d5b80000)
  from space 1024K, 98% used [0x00000000d5b80000,0x00000000d5c7b130,0x00000000d5c80000)
  to   space 1536K, 0% used [0x00000000d6300000,0x00000000d6300000,0x00000000d6480000)
 ParOldGen       total 5632K, used 1700K [0x0000000080000000, 0x0000000080580000, 0x00000000d5580000)
  object space 5632K, 30% used [0x0000000080000000,0x00000000801a9328,0x0000000080580000)
 Metaspace       used 7000K, capacity 7860K, committed 8064K, reserved 1056768K
  class space    used 858K, capacity 880K, committed 896K, reserved 1048576K
Event: 0.879 GC heap after
Heap after GC invocations=8 (full 0):
 PSYoungGen      total 13824K, used 1006K [0x00000000d5580000, 0x00000000d6480000, 0x0000000100000000)
  eden space 12288K, 0% used [0x00000000d5580000,0x00000000d5580000,0x00000000d6180000)
  from space 1536K, 65% used [0x00000000d6300000,0x00000000d63fbb78,0x00000000d6480000)
  to   space 1536K, 0% used [0x00000000d6180000,0x00000000d6180000,0x00000000d6300000)
 ParOldGen       total 5632K, used 1796K [0x0000000080000000, 0x0000000080580000, 0x00000000d5580000)
  object space 5632K, 31% used [0x0000000080000000,0x00000000801c1328,0x0000000080580000)
 Metaspace       used 7000K, capacity 7860K, committed 8064K, reserved 1056768K
  class space    used 858K, capacity 880K, committed 896K, reserved 1048576K
}
Event: 1.069 GC heap before
{Heap before GC invocations=9 (full 0):
 PSYoungGen      total 13824K, used 13294K [0x00000000d5580000, 0x00000000d6480000, 0x0000000100000000)
  eden space 12288K, 100% used [0x00000000d5580000,0x00000000d6180000,0x00000000d6180000)
  from space 1536K, 65% used [0x00000000d6300000,0x00000000d63fbb78,0x00000000d6480000)
  to   space 1536K, 0% used [0x00000000d6180000,0x00000000d6180000,0x00000000d6300000)
 ParOldGen       total 5632K, used 1796K [0x0000000080000000, 0x0000000080580000, 0x00000000d5580000)
  object space 5632K, 31% used [0x0000000080000000,0x00000000801c1328,0x0000000080580000)
 Metaspace       used 7385K, capacity 8180K, committed 8448K, reserved 1056768K
  class space    used 895K, capacity 944K, committed 1024K, reserved 1048576K
Event: 1.078 GC heap after
Heap after GC invocations=9 (full 0):
 PSYoungGen      total 13824K, used 1513K [0x00000000d5580000, 0x00000000d7100000, 0x0000000100000000)
  eden space 12288K, 0% used [0x00000000d5580000,0x00000000d5580000,0x00000000d6180000)
  from space 1536K, 98% used [0x00000000d6180000,0x00000000d62fa598,0x00000000d6300000)
  to   space 4096K, 0% used [0x00000000d6d00000,0x00000000d6d00000,0x00000000d7100000)
 ParOldGen       total 7680K, used 7456K [0x0000000080000000, 0x0000000080780000, 0x00000000d5580000)
  object space 7680K, 97% used [0x0000000080000000,0x0000000080748238,0x0000000080780000)
 Metaspace       used 7385K, capacity 8180K, committed 8448K, reserved 1056768K
  class space    used 895K, capacity 944K, committed 1024K, reserved 1048576K
}
Event: 1.078 GC heap before
{Heap before GC invocations=10 (full 1):
 PSYoungGen      total 13824K, used 1513K [0x00000000d5580000, 0x00000000d7100000, 0x0000000100000000)
  eden space 12288K, 0% used [0x00000000d5580000,0x00000000d5580000,0x00000000d6180000)
  from space 1536K, 98% used [0x00000000d6180000,0x00000000d62fa598,0x00000000d6300000)
  to   space 4096K, 0% used [0x00000000d6d00000,0x00000000d6d00000,0x00000000d7100000)
 ParOldGen       total 7680K, used 7456K [0x0000000080000000, 0x0000000080780000, 0x00000000d5580000)
  object space 7680K, 97% used [0x0000000080000000,0x0000000080748238,0x0000000080780000)
 Metaspace       used 7385K, capacity 8180K, committed 8448K, reserved 1056768K
  class space    used 895K, capacity 944K, committed 1024K, reserved 1048576K
Event: 1.140 GC heap after
Heap after GC invocations=10 (full 1):
 PSYoungGen      total 13824K, used 998K [0x00000000d5580000, 0x00000000d7100000, 0x0000000100000000)
  eden space 12288K, 0% used [0x00000000d5580000,0x00000000d5580000,0x00000000d6180000)
  from space 1536K, 64% used [0x00000000d6180000,0x00000000d6279950,0x00000000d6300000)
  to   space 4096K, 0% used [0x00000000d6d00000,0x00000000d6d00000,0x00000000d7100000)
 ParOldGen       total 12800K, used 7390K [0x0000000080000000, 0x0000000080c80000, 0x00000000d5580000)
  object space 12800K, 57% used [0x0000000080000000,0x0000000080737ad0,0x0000000080c80000)
 Metaspace       used 7385K, capacity 8180K, committed 8448K, reserved 1056768K
  class space    used 895K, capacity 944K, committed 1024K, reserved 1048576K
}
Event: 1.212 GC heap before
{Heap before GC invocations=11 (full 1):
 PSYoungGen      total 13824K, used 13286K [0x00000000d5580000, 0x00000000d7100000, 0x0000000100000000)
  eden space 12288K, 100% used [0x00000000d5580000,0x00000000d6180000,0x00000000d6180000)
  from space 1536K, 64% used [0x00000000d6180000,0x00000000d6279950,0x00000000d6300000)
  to   space 4096K, 0% used [0x00000000d6d00000,0x00000000d6d00000,0x00000000d7100000)
 ParOldGen       total 12800K, used 7390K [0x0000000080000000, 0x0000000080c80000, 0x00000000d5580000)
  object space 12800K, 57% used [0x0000000080000000,0x0000000080737ad0,0x0000000080c80000)
 Metaspace       used 7409K, capacity 8180K, committed 8448K, reserved 1056768K
  class space    used 896K, capacity 944K, committed 1024K, reserved 1048576K
Event: 1.219 GC heap after
Heap after GC invocations=11 (full 1):
 PSYoungGen      total 19456K, used 4067K [0x00000000d5580000, 0x00000000d7100000, 0x0000000100000000)
  eden space 15360K, 0% used [0x00000000d5580000,0x00000000d5580000,0x00000000d6480000)
  from space 4096K, 99% used [0x00000000d6d00000,0x00000000d70f8f18,0x00000000d7100000)
  to   space 6144K, 0% used [0x00000000d6500000,0x00000000d6500000,0x00000000d6b00000)
 ParOldGen       total 12800K, used 11216K [0x0000000080000000, 0x0000000080c80000, 0x00000000d5580000)
  object space 12800K, 87% used [0x0000000080000000,0x0000000080af4248,0x0000000080c80000)
 Metaspace       used 7409K, capacity 8180K, committed 8448K, reserved 1056768K
  class space    used 896K, capacity 944K, committed 1024K, reserved 1048576K
}
Event: 1.219 GC heap before
{Heap before GC invocations=12 (full 2):
 PSYoungGen      total 19456K, used 4067K [0x00000000d5580000, 0x00000000d7100000, 0x0000000100000000)
  eden space 15360K, 0% used [0x00000000d5580000,0x00000000d5580000,0x00000000d6480000)
  from space 4096K, 99% used [0x00000000d6d00000,0x00000000d70f8f18,0x00000000d7100000)
  to   space 6144K, 0% used [0x00000000d6500000,0x00000000d6500000,0x00000000d6b00000)
 ParOldGen       total 12800K, used 11216K [0x0000000080000000, 0x0000000080c80000, 0x00000000d5580000)
  object space 12800K, 87% used [0x0000000080000000,0x0000000080af4248,0x0000000080c80000)
 Metaspace       used 7409K, capacity 8180K, committed 8448K, reserved 1056768K
  class space    used 896K, capacity 944K, committed 1024K, reserved 1048576K
Event: 1.273 GC heap after
Heap after GC invocations=12 (full 2):
 PSYoungGen      total 19456K, used 2016K [0x00000000d5580000, 0x00000000d7100000, 0x0000000100000000)
  eden space 15360K, 0% used [0x00000000d5580000,0x00000000d5580000,0x00000000d6480000)
  from space 4096K, 49% used [0x00000000d6d00000,0x00000000d6ef8120,0x00000000d7100000)
  to   space 6144K, 0% used [0x00000000d6500000,0x00000000d6500000,0x00000000d6b00000)
 ParOldGen       total 12800K, used 12513K [0x0000000080000000, 0x0000000080c80000, 0x00000000d5580000)
  object space 12800K, 97% used [0x0000000080000000,0x0000000080c38470,0x0000000080c80000)
 Metaspace       used 7409K, capacity 8180K, committed 8448K, reserved 1056768K
  class space    used 896K, capacity 944K, committed 1024K, reserved 1048576K
}

